<?xml version="1.0" encoding="UTF-8"?>
<!-- Generated by org.testng.reporters.JUnitXMLReporter -->
<testsuite hostname="KALYAN" ignored="45" name="Add_new_user_to_Jenkin." tests="8" failures="1" timestamp="12 Sep 2020 18:37:36 GMT" time="10.93" errors="0">
  <testcase name="@AfterMethod takeScreen_Shot_On_Failure_or_Success" time="0.0" classname="com.FWL1.runner.Runner_One">
    <failure type="java.lang.NullPointerException">
      <![CDATA[java.lang.NullPointerException
	at com.FWL1.lib.Helper.captureScreenshot(Helper.java:74)
	at com.FWL1.runner.Runner_One.takeScreen_Shot_On_Failure_or_Success(Runner_One.java:51)
... Removed 27 stack frames]]>
    </failure>
  </testcase> <!-- @AfterMethod takeScreen_Shot_On_Failure_or_Success -->
  <testcase name="@AfterMethod takeScreen_Shot_On_Failure_or_Success" time="0.0" classname="com.FWL1.runner.Runner_One">
    <skipped/>
  </testcase> <!-- @AfterMethod takeScreen_Shot_On_Failure_or_Success -->
  <testcase name="@AfterMethod takeScreen_Shot_On_Failure_or_Success" time="0.0" classname="com.FWL1.runner.Runner_One">
    <skipped/>
  </testcase> <!-- @AfterMethod takeScreen_Shot_On_Failure_or_Success -->
  <testcase name="@AfterMethod takeScreen_Shot_On_Failure_or_Success" time="0.0" classname="com.FWL1.runner.Runner_One">
    <skipped/>
  </testcase> <!-- @AfterMethod takeScreen_Shot_On_Failure_or_Success -->
  <testcase name="@AfterMethod takeScreen_Shot_On_Failure_or_Success" time="0.0" classname="com.FWL1.runner.Runner_One">
    <skipped/>
  </testcase> <!-- @AfterMethod takeScreen_Shot_On_Failure_or_Success -->
  <testcase name="@AfterMethod takeScreen_Shot_On_Failure_or_Success" time="0.0" classname="com.FWL1.runner.Runner_One">
    <skipped/>
  </testcase> <!-- @AfterMethod takeScreen_Shot_On_Failure_or_Success -->
  <testcase name="@AfterMethod takeScreen_Shot_On_Failure_or_Success" time="0.0" classname="com.FWL1.runner.Runner_One">
    <skipped/>
  </testcase> <!-- @AfterMethod takeScreen_Shot_On_Failure_or_Success -->
  <testcase name="@AfterTest CloseBrowser" time="0.0" classname="com.FWL1.runner.Runner_One">
    <skipped/>
  </testcase> <!-- @AfterTest CloseBrowser -->
  <testcase name="OpenBrowserForJenkin" time="9.238" classname="com.FWL1.runner.Runner_One"/>
  <testcase name="OpenBrowserForJenkin" time="0.075" classname="com.FWL1.runner.Runner_One">
    <failure type="java.lang.IllegalStateException" message="The driver executable does not exist: D:\selenium\firefoxdriver\geckodriver-v0.27.0-win64\geckodriver.exe">
      <![CDATA[java.lang.IllegalStateException: The driver executable does not exist: D:\selenium\firefoxdriver\geckodriver-v0.27.0-win64\geckodriver.exe
	at com.google.common.base.Preconditions.checkState(Preconditions.java:585)
	at org.openqa.selenium.remote.service.DriverService.checkExecutable(DriverService.java:136)
	at org.openqa.selenium.remote.service.DriverService.findExecutable(DriverService.java:131)
	at org.openqa.selenium.firefox.GeckoDriverService.access$100(GeckoDriverService.java:42)
	at org.openqa.selenium.firefox.GeckoDriverService$Builder.findDefaultExecutable(GeckoDriverService.java:143)
	at org.openqa.selenium.remote.service.DriverService$Builder.build(DriverService.java:335)
	at org.openqa.selenium.firefox.FirefoxDriver.toExecutor(FirefoxDriver.java:168)
	at org.openqa.selenium.firefox.FirefoxDriver.<init>(FirefoxDriver.java:125)
	at org.openqa.selenium.firefox.FirefoxDriver.<init>(FirefoxDriver.java:103)
	at com.FWL1.lib.BrowserAndDataFactory.initiateBrowser(BrowserAndDataFactory.java:63)
	at com.FWL1.testcases.TestCases_for_Jenkins.openBrowser(TestCases_for_Jenkins.java:41)
	at com.FWL1.runner.Runner_One.OpenBrowserForJenkin(Runner_One.java:95)
... Removed 25 stack frames]]>
    </failure>
  </testcase> <!-- OpenBrowserForJenkin -->
  <testcase name="LoginPage" time="0.002" classname="com.FWL1.runner.Runner_One">
    <skipped/>
  </testcase> <!-- LoginPage -->
  <testcase name="LoginPage" time="0.042" classname="com.FWL1.runner.Runner_One">
    <skipped/>
  </testcase> <!-- LoginPage -->
  <testcase name="AB_Add_user_in_Jenkin_by_admin_jsondata" time="0.031" classname="com.FWL1.runner.Runner_One">
    <skipped/>
  </testcase> <!-- AB_Add_user_in_Jenkin_by_admin_jsondata -->
  <testcase name="AB_Add_user_in_Jenkin_by_admin_jsondata" time="0.002" classname="com.FWL1.runner.Runner_One">
    <skipped/>
  </testcase> <!-- AB_Add_user_in_Jenkin_by_admin_jsondata -->
  <testcase name="LogoutJenkinPage" time="0.006" classname="com.FWL1.runner.Runner_One">
    <skipped/>
  </testcase> <!-- LogoutJenkinPage -->
  <testcase name="LogoutJenkinPage" time="0.002" classname="com.FWL1.runner.Runner_One">
    <skipped/>
  </testcase> <!-- LogoutJenkinPage -->
  <testcase name="Click_Custom_workspace_Checkbox" time="0.0" classname="com.FWL1.runner.Runner_One">
    <ignored/>
  </testcase> <!-- Click_Custom_workspace_Checkbox -->
  <testcase name="Click_Custom_workspace_Checkbox" time="0.0" classname="com.FWL1.runner.Runner_One">
    <ignored/>
  </testcase> <!-- Click_Custom_workspace_Checkbox -->
  <testcase name="AA_Delete_existing_Jenkin_user" time="0.0" classname="com.FWL1.runner.Runner_One">
    <ignored/>
  </testcase> <!-- AA_Delete_existing_Jenkin_user -->
  <testcase name="AA_Delete_existing_Jenkin_user" time="0.0" classname="com.FWL1.runner.Runner_One">
    <ignored/>
  </testcase> <!-- AA_Delete_existing_Jenkin_user -->
  <testcase name="Select_maven_project_byclick" time="0.0" classname="com.FWL1.runner.Runner_One">
    <ignored/>
  </testcase> <!-- Select_maven_project_byclick -->
  <testcase name="Select_maven_project_byclick" time="0.0" classname="com.FWL1.runner.Runner_One">
    <ignored/>
  </testcase> <!-- Select_maven_project_byclick -->
  <testcase name="click_the_check_box_for_Discard_old_builds" time="0.0" classname="com.FWL1.runner.Runner_One">
    <ignored/>
  </testcase> <!-- click_the_check_box_for_Discard_old_builds -->
  <testcase name="click_the_check_box_for_Discard_old_builds" time="0.0" classname="com.FWL1.runner.Runner_One">
    <ignored/>
  </testcase> <!-- click_the_check_box_for_Discard_old_builds -->
  <testcase name="Delete_Existing_Projects_with_DP" time="0.0" classname="com.FWL1.runner.Runner_One">
    <ignored/>
  </testcase> <!-- Delete_Existing_Projects_with_DP -->
  <testcase name="Delete_Existing_Projects_with_DP" time="0.0" classname="com.FWL1.runner.Runner_One">
    <ignored/>
  </testcase> <!-- Delete_Existing_Projects_with_DP -->
  <testcase name="Click_the_floating_Apply_Button" time="0.0" classname="com.FWL1.runner.Runner_One">
    <ignored/>
  </testcase> <!-- Click_the_floating_Apply_Button -->
  <testcase name="Click_the_floating_Apply_Button" time="0.0" classname="com.FWL1.runner.Runner_One">
    <ignored/>
  </testcase> <!-- Click_the_floating_Apply_Button -->
  <testcase name="Click_the_checkbox_This_project_is_parameterized" time="0.0" classname="com.FWL1.runner.Runner_One">
    <ignored/>
  </testcase> <!-- Click_the_checkbox_This_project_is_parameterized -->
  <testcase name="Click_the_checkbox_This_project_is_parameterized" time="0.0" classname="com.FWL1.runner.Runner_One">
    <ignored/>
  </testcase> <!-- Click_the_checkbox_This_project_is_parameterized -->
  <testcase name="testlo" time="0.0" classname="com.FWL1.runner.Factory_One">
    <ignored/>
  </testcase> <!-- testlo -->
  <testcase name="OpenBrowserForJenkin_jsondata" time="0.0" classname="com.FWL1.runner.Runner_One">
    <ignored/>
  </testcase> <!-- OpenBrowserForJenkin_jsondata -->
  <testcase name="OpenBrowserForJenkin_jsondata" time="0.0" classname="com.FWL1.runner.Runner_One">
    <ignored/>
  </testcase> <!-- OpenBrowserForJenkin_jsondata -->
  <testcase name="Verify_that_project_is_created_successfully" time="0.0" classname="com.FWL1.runner.Runner_One">
    <ignored/>
  </testcase> <!-- Verify_that_project_is_created_successfully -->
  <testcase name="Verify_that_project_is_created_successfully" time="0.0" classname="com.FWL1.runner.Runner_One">
    <ignored/>
  </testcase> <!-- Verify_that_project_is_created_successfully -->
  <testcase name="Click_the_floating_SAVE_Button" time="0.0" classname="com.FWL1.runner.Runner_One">
    <ignored/>
  </testcase> <!-- Click_the_floating_SAVE_Button -->
  <testcase name="Click_the_floating_SAVE_Button" time="0.0" classname="com.FWL1.runner.Runner_One">
    <ignored/>
  </testcase> <!-- Click_the_floating_SAVE_Button -->
  <testcase name="get_the_url_of_the_current_page" time="0.0" classname="com.FWL1.runner.Runner_One">
    <ignored/>
  </testcase> <!-- get_the_url_of_the_current_page -->
  <testcase name="get_the_url_of_the_current_page" time="0.0" classname="com.FWL1.runner.Runner_One">
    <ignored/>
  </testcase> <!-- get_the_url_of_the_current_page -->
  <testcase name="Type_Goals_and_Options_in_BUILD" time="0.0" classname="com.FWL1.runner.Runner_One">
    <ignored/>
  </testcase> <!-- Type_Goals_and_Options_in_BUILD -->
  <testcase name="Type_Goals_and_Options_in_BUILD" time="0.0" classname="com.FWL1.runner.Runner_One">
    <ignored/>
  </testcase> <!-- Type_Goals_and_Options_in_BUILD -->
  <testcase name="ClickOnNewItem" time="0.0" classname="com.FWL1.runner.Runner_One">
    <ignored/>
  </testcase> <!-- ClickOnNewItem -->
  <testcase name="ClickOnNewItem" time="0.0" classname="com.FWL1.runner.Runner_One">
    <ignored/>
  </testcase> <!-- ClickOnNewItem -->
  <testcase name="Type_Choices_for_Choice_Parameter" time="0.0" classname="com.FWL1.runner.Runner_One">
    <ignored/>
  </testcase> <!-- Type_Choices_for_Choice_Parameter -->
  <testcase name="Type_Choices_for_Choice_Parameter" time="0.0" classname="com.FWL1.runner.Runner_One">
    <ignored/>
  </testcase> <!-- Type_Choices_for_Choice_Parameter -->
  <testcase name="Type_Name_for_Choice_Parameter" time="0.0" classname="com.FWL1.runner.Runner_One">
    <ignored/>
  </testcase> <!-- Type_Name_for_Choice_Parameter -->
  <testcase name="Type_Name_for_Choice_Parameter" time="0.0" classname="com.FWL1.runner.Runner_One">
    <ignored/>
  </testcase> <!-- Type_Name_for_Choice_Parameter -->
  <testcase name="Click_OK_after_Select_maven_project_byclick" time="0.0" classname="com.FWL1.runner.Runner_One">
    <ignored/>
  </testcase> <!-- Click_OK_after_Select_maven_project_byclick -->
  <testcase name="Click_OK_after_Select_maven_project_byclick" time="0.0" classname="com.FWL1.runner.Runner_One">
    <ignored/>
  </testcase> <!-- Click_OK_after_Select_maven_project_byclick -->
  <testcase name="Enter_text_to_Directory_Custom_workspace" time="0.0" classname="com.FWL1.runner.Runner_One">
    <ignored/>
  </testcase> <!-- Enter_text_to_Directory_Custom_workspace -->
  <testcase name="Enter_text_to_Directory_Custom_workspace" time="0.0" classname="com.FWL1.runner.Runner_One">
    <ignored/>
  </testcase> <!-- Enter_text_to_Directory_Custom_workspace -->
  <testcase name="Enter_The_name_of_the_new_Project_in_theinput_Box_from_xlsx" time="0.0" classname="com.FWL1.runner.Runner_One">
    <ignored/>
  </testcase> <!-- Enter_The_name_of_the_new_Project_in_theinput_Box_from_xlsx -->
  <testcase name="Enter_The_name_of_the_new_Project_in_theinput_Box_from_xlsx" time="0.0" classname="com.FWL1.runner.Runner_One">
    <ignored/>
  </testcase> <!-- Enter_The_name_of_the_new_Project_in_theinput_Box_from_xlsx -->
  <testcase name="AB_Add_user_in_Jenkin_by_admin_jsondata2" time="0.0" classname="com.FWL1.runner.Runner_One">
    <ignored/>
  </testcase> <!-- AB_Add_user_in_Jenkin_by_admin_jsondata2 -->
  <testcase name="AB_Add_user_in_Jenkin_by_admin_jsondata2" time="0.0" classname="com.FWL1.runner.Runner_One">
    <ignored/>
  </testcase> <!-- AB_Add_user_in_Jenkin_by_admin_jsondata2 -->
  <testcase name="LoginPage_jsondata" time="0.0" classname="com.FWL1.runner.Runner_One">
    <ignored/>
  </testcase> <!-- LoginPage_jsondata -->
  <testcase name="LoginPage_jsondata" time="0.0" classname="com.FWL1.runner.Runner_One">
    <ignored/>
  </testcase> <!-- LoginPage_jsondata -->
  <testcase name="Click_Advanced_Button_Of_BUILD" time="0.0" classname="com.FWL1.runner.Runner_One">
    <ignored/>
  </testcase> <!-- Click_Advanced_Button_Of_BUILD -->
  <testcase name="Click_Advanced_Button_Of_BUILD" time="0.0" classname="com.FWL1.runner.Runner_One">
    <ignored/>
  </testcase> <!-- Click_Advanced_Button_Of_BUILD -->
  <testcase name="Select_Choice_parameter_from_Add_Parameter_of_This_project_is_parameterized" time="0.0" classname="com.FWL1.runner.Runner_One">
    <ignored/>
  </testcase> <!-- Select_Choice_parameter_from_Add_Parameter_of_This_project_is_parameterized -->
  <testcase name="Select_Choice_parameter_from_Add_Parameter_of_This_project_is_parameterized" time="0.0" classname="com.FWL1.runner.Runner_One">
    <ignored/>
  </testcase> <!-- Select_Choice_parameter_from_Add_Parameter_of_This_project_is_parameterized -->
</testsuite> <!-- Add_new_user_to_Jenkin. -->
