<html>
<head>
<title>TestNG:  Add_new_user_to_Jenkin.</title>
<link href="../testng.css" rel="stylesheet" type="text/css" />
<link href="../my-testng.css" rel="stylesheet" type="text/css" />

<style type="text/css">
.log { display: none;} 
.stack-trace { display: none;} 
</style>
<script type="text/javascript">
<!--
function flip(e) {
  current = e.style.display;
  if (current == 'block') {
    e.style.display = 'none';
    return 0;
  }
  else {
    e.style.display = 'block';
    return 1;
  }
}

function toggleBox(szDivId, elem, msg1, msg2)
{
  var res = -1;  if (document.getElementById) {
    res = flip(document.getElementById(szDivId));
  }
  else if (document.all) {
    // this is the way old msie versions work
    res = flip(document.all[szDivId]);
  }
  if(elem) {
    if(res == 0) elem.innerHTML = msg1; else elem.innerHTML = msg2;
  }

}

function toggleAllBoxes() {
  if (document.getElementsByTagName) {
    d = document.getElementsByTagName('div');
    for (i = 0; i < d.length; i++) {
      if (d[i].className == 'log') {
        flip(d[i]);
      }
    }
  }
}

// -->
</script>

</head>
<body>
<h2 align='center'>Add_new_user_to_Jenkin.</h2><table border='1' align="center">
<tr>
<td>Tests passed/Failed/Skipped:</td><td>1/1/6</td>
</tr><tr>
<td>Started on:</td><td>Sun Sep 13 00:07:25 IST 2020</td>
</tr>
<tr><td>Total time:</td><td>10 seconds (10930 ms)</td>
</tr><tr>
<td>Included groups:</td><td>Add_user_group </td>
</tr><tr>
<td>Excluded groups:</td><td></td>
</tr>
</table><p/>
<small><i>(Hover the method name to see the test class name)</i></small><p/>
<table width='100%' border='1' class='invocation-failed'>
<tr><td colspan='4' align='center'><b>FAILED CONFIGURATIONS</b></td></tr>
<tr><td><b>Test method</b></td>
<td width="30%"><b>Exception</b></td>
<td width="10%"><b>Time (seconds)</b></td>
<td><b>Instance</b></td>
</tr>
<tr>
<td title='com.FWL1.runner.Runner_One.takeScreen_Shot_On_Failure_or_Success()'><b>takeScreen_Shot_On_Failure_or_Success</b><br>Test class: com.FWL1.runner.Runner_One<br>Parameters: [TestResult name=OpenBrowserForJenkin status=FAILURE method=Runner_One.OpenBrowserForJenkin()[pri:0, instance:com.FWL1.runner.Runner_One@49438269] output={null}]</td>
<td><div><pre>java.lang.NullPointerException
	at com.FWL1.lib.Helper.captureScreenshot(Helper.java:74)
	at com.FWL1.runner.Runner_One.takeScreen_Shot_On_Failure_or_Success(Runner_One.java:51)
... Removed 27 stack frames</pre></div><a href='#' onClick='toggleBox("stack-trace1213871206", this, "Click to show all stack frames", "Click to hide stack frames")'>Click to show all stack frames</a>
<div class='stack-trace' id='stack-trace1213871206'><pre>java.lang.NullPointerException
	at com.FWL1.lib.Helper.captureScreenshot(Helper.java:74)
	at com.FWL1.runner.Runner_One.takeScreen_Shot_On_Failure_or_Success(Runner_One.java:51)
	at sun.reflect.NativeMethodAccessorImpl.invoke0(Native Method)
	at sun.reflect.NativeMethodAccessorImpl.invoke(Unknown Source)
	at sun.reflect.DelegatingMethodAccessorImpl.invoke(Unknown Source)
	at java.lang.reflect.Method.invoke(Unknown Source)
	at org.testng.internal.MethodInvocationHelper.invokeMethod(MethodInvocationHelper.java:104)
	at org.testng.internal.Invoker.invokeConfigurationMethod(Invoker.java:515)
	at org.testng.internal.Invoker.invokeConfigurations(Invoker.java:217)
	at org.testng.internal.Invoker.invokeMethod(Invoker.java:712)
	at org.testng.internal.Invoker.invokeTestMethod(Invoker.java:851)
	at org.testng.internal.Invoker.invokeTestMethods(Invoker.java:1177)
	at org.testng.internal.TestMethodWorker.invokeTestMethods(TestMethodWorker.java:129)
	at org.testng.internal.TestMethodWorker.run(TestMethodWorker.java:112)
	at org.testng.TestRunner.privateRun(TestRunner.java:756)
	at org.testng.TestRunner.run(TestRunner.java:610)
	at org.testng.SuiteRunner.runTest(SuiteRunner.java:387)
	at org.testng.SuiteRunner.runSequentially(SuiteRunner.java:382)
	at org.testng.SuiteRunner.privateRun(SuiteRunner.java:340)
	at org.testng.SuiteRunner.run(SuiteRunner.java:289)
	at org.testng.SuiteRunnerWorker.runSuite(SuiteRunnerWorker.java:52)
	at org.testng.SuiteRunnerWorker.run(SuiteRunnerWorker.java:86)
	at org.testng.TestNG.runSuitesSequentially(TestNG.java:1293)
	at org.testng.TestNG.runSuitesLocally(TestNG.java:1218)
	at org.testng.TestNG.runSuites(TestNG.java:1133)
	at org.testng.TestNG.run(TestNG.java:1104)
	at org.testng.remote.AbstractRemoteTestNG.run(AbstractRemoteTestNG.java:132)
	at org.testng.remote.RemoteTestNG.initAndRun(RemoteTestNG.java:230)
	at org.testng.remote.RemoteTestNG.main(RemoteTestNG.java:76)
</pre></div></td>
<td>0</td>
<td>com.FWL1.runner.Runner_One@49438269</td></tr>
</table><p>
<table width='100%' border='1' class='invocation-skipped'>
<tr><td colspan='4' align='center'><b>SKIPPED CONFIGURATIONS</b></td></tr>
<tr><td><b>Test method</b></td>
<td width="30%"><b>Exception</b></td>
<td width="10%"><b>Time (seconds)</b></td>
<td><b>Instance</b></td>
</tr>
<tr>
<td title='com.FWL1.runner.Runner_One.takeScreen_Shot_On_Failure_or_Success()'><b>takeScreen_Shot_On_Failure_or_Success</b><br>Test class: com.FWL1.runner.Runner_One</td>
<td></td>
<td>0</td>
<td>com.FWL1.runner.Runner_One@367ffa75</td></tr>
<tr>
<td title='com.FWL1.runner.Runner_One.takeScreen_Shot_On_Failure_or_Success()'><b>takeScreen_Shot_On_Failure_or_Success</b><br>Test class: com.FWL1.runner.Runner_One</td>
<td></td>
<td>0</td>
<td>com.FWL1.runner.Runner_One@49438269</td></tr>
<tr>
<td title='com.FWL1.runner.Runner_One.takeScreen_Shot_On_Failure_or_Success()'><b>takeScreen_Shot_On_Failure_or_Success</b><br>Test class: com.FWL1.runner.Runner_One</td>
<td></td>
<td>0</td>
<td>com.FWL1.runner.Runner_One@367ffa75</td></tr>
<tr>
<td title='com.FWL1.runner.Runner_One.takeScreen_Shot_On_Failure_or_Success()'><b>takeScreen_Shot_On_Failure_or_Success</b><br>Test class: com.FWL1.runner.Runner_One</td>
<td></td>
<td>0</td>
<td>com.FWL1.runner.Runner_One@49438269</td></tr>
<tr>
<td title='com.FWL1.runner.Runner_One.takeScreen_Shot_On_Failure_or_Success()'><b>takeScreen_Shot_On_Failure_or_Success</b><br>Test class: com.FWL1.runner.Runner_One</td>
<td></td>
<td>0</td>
<td>com.FWL1.runner.Runner_One@367ffa75</td></tr>
<tr>
<td title='com.FWL1.runner.Runner_One.takeScreen_Shot_On_Failure_or_Success()'><b>takeScreen_Shot_On_Failure_or_Success</b><br>Test class: com.FWL1.runner.Runner_One</td>
<td></td>
<td>0</td>
<td>com.FWL1.runner.Runner_One@49438269</td></tr>
<tr>
<td title='com.FWL1.runner.Runner_One.CloseBrowser()'><b>CloseBrowser</b><br>Test class: com.FWL1.runner.Runner_One</td>
<td></td>
<td>0</td>
<td>null</td></tr>
</table><p>
<table width='100%' border='1' class='invocation-failed'>
<tr><td colspan='4' align='center'><b>FAILED TESTS</b></td></tr>
<tr><td><b>Test method</b></td>
<td width="30%"><b>Exception</b></td>
<td width="10%"><b>Time (seconds)</b></td>
<td><b>Instance</b></td>
</tr>
<tr>
<td title='com.FWL1.runner.Runner_One.OpenBrowserForJenkin()'><b>OpenBrowserForJenkin</b><br>Test class: com.FWL1.runner.Runner_One</td>
<td><div><pre>java.lang.IllegalStateException: The driver executable does not exist: D:\selenium\firefoxdriver\geckodriver-v0.27.0-win64\geckodriver.exe
	at com.google.common.base.Preconditions.checkState(Preconditions.java:585)
	at org.openqa.selenium.remote.service.DriverService.checkExecutable(DriverService.java:136)
	at org.openqa.selenium.remote.service.DriverService.findExecutable(DriverService.java:131)
	at org.openqa.selenium.firefox.GeckoDriverService.access$100(GeckoDriverService.java:42)
	at org.openqa.selenium.firefox.GeckoDriverService$Builder.findDefaultExecutable(GeckoDriverService.java:143)
	at org.openqa.selenium.remote.service.DriverService$Builder.build(DriverService.java:335)
	at org.openqa.selenium.firefox.FirefoxDriver.toExecutor(FirefoxDriver.java:168)
	at org.openqa.selenium.firefox.FirefoxDriver.&lt;init&gt;(FirefoxDriver.java:125)
	at org.openqa.selenium.firefox.FirefoxDriver.&lt;init&gt;(FirefoxDriver.java:103)
	at com.FWL1.lib.BrowserAndDataFactory.initiateBrowser(BrowserAndDataFactory.java:63)
	at com.FWL1.testcases.TestCases_for_Jenkins.openBrowser(TestCases_for_Jenkins.java:41)
	at com.FWL1.runner.Runner_One.OpenBrowserForJenkin(Runner_One.java:95)
... Removed 25 stack frames</pre></div><a href='#' onClick='toggleBox("stack-trace2052223881", this, "Click to show all stack frames", "Click to hide stack frames")'>Click to show all stack frames</a>
<div class='stack-trace' id='stack-trace2052223881'><pre>java.lang.IllegalStateException: The driver executable does not exist: D:\selenium\firefoxdriver\geckodriver-v0.27.0-win64\geckodriver.exe
	at com.google.common.base.Preconditions.checkState(Preconditions.java:585)
	at org.openqa.selenium.remote.service.DriverService.checkExecutable(DriverService.java:136)
	at org.openqa.selenium.remote.service.DriverService.findExecutable(DriverService.java:131)
	at org.openqa.selenium.firefox.GeckoDriverService.access$100(GeckoDriverService.java:42)
	at org.openqa.selenium.firefox.GeckoDriverService$Builder.findDefaultExecutable(GeckoDriverService.java:143)
	at org.openqa.selenium.remote.service.DriverService$Builder.build(DriverService.java:335)
	at org.openqa.selenium.firefox.FirefoxDriver.toExecutor(FirefoxDriver.java:168)
	at org.openqa.selenium.firefox.FirefoxDriver.&lt;init&gt;(FirefoxDriver.java:125)
	at org.openqa.selenium.firefox.FirefoxDriver.&lt;init&gt;(FirefoxDriver.java:103)
	at com.FWL1.lib.BrowserAndDataFactory.initiateBrowser(BrowserAndDataFactory.java:63)
	at com.FWL1.testcases.TestCases_for_Jenkins.openBrowser(TestCases_for_Jenkins.java:41)
	at com.FWL1.runner.Runner_One.OpenBrowserForJenkin(Runner_One.java:95)
	at sun.reflect.NativeMethodAccessorImpl.invoke0(Native Method)
	at sun.reflect.NativeMethodAccessorImpl.invoke(Unknown Source)
	at sun.reflect.DelegatingMethodAccessorImpl.invoke(Unknown Source)
	at java.lang.reflect.Method.invoke(Unknown Source)
	at org.testng.internal.MethodInvocationHelper.invokeMethod(MethodInvocationHelper.java:104)
	at org.testng.internal.Invoker.invokeMethod(Invoker.java:645)
	at org.testng.internal.Invoker.invokeTestMethod(Invoker.java:851)
	at org.testng.internal.Invoker.invokeTestMethods(Invoker.java:1177)
	at org.testng.internal.TestMethodWorker.invokeTestMethods(TestMethodWorker.java:129)
	at org.testng.internal.TestMethodWorker.run(TestMethodWorker.java:112)
	at org.testng.TestRunner.privateRun(TestRunner.java:756)
	at org.testng.TestRunner.run(TestRunner.java:610)
	at org.testng.SuiteRunner.runTest(SuiteRunner.java:387)
	at org.testng.SuiteRunner.runSequentially(SuiteRunner.java:382)
	at org.testng.SuiteRunner.privateRun(SuiteRunner.java:340)
	at org.testng.SuiteRunner.run(SuiteRunner.java:289)
	at org.testng.SuiteRunnerWorker.runSuite(SuiteRunnerWorker.java:52)
	at org.testng.SuiteRunnerWorker.run(SuiteRunnerWorker.java:86)
	at org.testng.TestNG.runSuitesSequentially(TestNG.java:1293)
	at org.testng.TestNG.runSuitesLocally(TestNG.java:1218)
	at org.testng.TestNG.runSuites(TestNG.java:1133)
	at org.testng.TestNG.run(TestNG.java:1104)
	at org.testng.remote.AbstractRemoteTestNG.run(AbstractRemoteTestNG.java:132)
	at org.testng.remote.RemoteTestNG.initAndRun(RemoteTestNG.java:230)
	at org.testng.remote.RemoteTestNG.main(RemoteTestNG.java:76)
</pre></div></td>
<td>0</td>
<td>com.FWL1.runner.Runner_One@49438269</td></tr>
</table><p>
<table width='100%' border='1' class='invocation-passed'>
<tr><td colspan='4' align='center'><b>PASSED TESTS</b></td></tr>
<tr><td><b>Test method</b></td>
<td width="30%"><b>Exception</b></td>
<td width="10%"><b>Time (seconds)</b></td>
<td><b>Instance</b></td>
</tr>
<tr>
<td title='com.FWL1.runner.Runner_One.OpenBrowserForJenkin()'><b>OpenBrowserForJenkin</b><br>Test class: com.FWL1.runner.Runner_One<br/>
<a href="#Output-1217312754" onClick='toggleBox("Output-1217312754", this, "Show output", "Hide output");'>Show output</a>

<a href="#Output-1217312754" onClick="toggleAllBoxes();">Show all outputs</a>
<div class='log' id="Output-1217312754">
Chrome browser is launched. <br/>
The browser is opened successfully. <br/>
</div>
</td>
<td></td>
<td>9</td>
<td>com.FWL1.runner.Runner_One@367ffa75</td></tr>
</table><p>
<table width='100%' border='1' class='invocation-skipped'>
<tr><td colspan='4' align='center'><b>SKIPPED TESTS</b></td></tr>
<tr><td><b>Test method</b></td>
<td width="30%"><b>Exception</b></td>
<td width="10%"><b>Time (seconds)</b></td>
<td><b>Instance</b></td>
</tr>
<tr>
<td title='com.FWL1.runner.Runner_One.AB_Add_user_in_Jenkin_by_admin_jsondata()'><b>AB_Add_user_in_Jenkin_by_admin_jsondata</b><br>Test class: com.FWL1.runner.Runner_One<br>Parameters: {"userName":"kamal","passWord":"123456","confpassWord":"123456","fullname":"kamal nath sarkar","email":"haloINdia@llfkj.com"}</td>
<td><div><pre>java.lang.NullPointerException
	at com.FWL1.lib.Helper.captureScreenshot(Helper.java:74)
	at com.FWL1.runner.Runner_One.takeScreen_Shot_On_Failure_or_Success(Runner_One.java:51)
... Removed 27 stack frames</pre></div><a href='#' onClick='toggleBox("stack-trace609887969", this, "Click to show all stack frames", "Click to hide stack frames")'>Click to show all stack frames</a>
<div class='stack-trace' id='stack-trace609887969'><pre>java.lang.NullPointerException
	at com.FWL1.lib.Helper.captureScreenshot(Helper.java:74)
	at com.FWL1.runner.Runner_One.takeScreen_Shot_On_Failure_or_Success(Runner_One.java:51)
	at sun.reflect.NativeMethodAccessorImpl.invoke0(Native Method)
	at sun.reflect.NativeMethodAccessorImpl.invoke(Unknown Source)
	at sun.reflect.DelegatingMethodAccessorImpl.invoke(Unknown Source)
	at java.lang.reflect.Method.invoke(Unknown Source)
	at org.testng.internal.MethodInvocationHelper.invokeMethod(MethodInvocationHelper.java:104)
	at org.testng.internal.Invoker.invokeConfigurationMethod(Invoker.java:515)
	at org.testng.internal.Invoker.invokeConfigurations(Invoker.java:217)
	at org.testng.internal.Invoker.invokeMethod(Invoker.java:712)
	at org.testng.internal.Invoker.invokeTestMethod(Invoker.java:851)
	at org.testng.internal.Invoker.invokeTestMethods(Invoker.java:1177)
	at org.testng.internal.TestMethodWorker.invokeTestMethods(TestMethodWorker.java:129)
	at org.testng.internal.TestMethodWorker.run(TestMethodWorker.java:112)
	at org.testng.TestRunner.privateRun(TestRunner.java:756)
	at org.testng.TestRunner.run(TestRunner.java:610)
	at org.testng.SuiteRunner.runTest(SuiteRunner.java:387)
	at org.testng.SuiteRunner.runSequentially(SuiteRunner.java:382)
	at org.testng.SuiteRunner.privateRun(SuiteRunner.java:340)
	at org.testng.SuiteRunner.run(SuiteRunner.java:289)
	at org.testng.SuiteRunnerWorker.runSuite(SuiteRunnerWorker.java:52)
	at org.testng.SuiteRunnerWorker.run(SuiteRunnerWorker.java:86)
	at org.testng.TestNG.runSuitesSequentially(TestNG.java:1293)
	at org.testng.TestNG.runSuitesLocally(TestNG.java:1218)
	at org.testng.TestNG.runSuites(TestNG.java:1133)
	at org.testng.TestNG.run(TestNG.java:1104)
	at org.testng.remote.AbstractRemoteTestNG.run(AbstractRemoteTestNG.java:132)
	at org.testng.remote.RemoteTestNG.initAndRun(RemoteTestNG.java:230)
	at org.testng.remote.RemoteTestNG.main(RemoteTestNG.java:76)
</pre></div></td>
<td>0</td>
<td>com.FWL1.runner.Runner_One@367ffa75</td></tr>
<tr>
<td title='com.FWL1.runner.Runner_One.AB_Add_user_in_Jenkin_by_admin_jsondata()'><b>AB_Add_user_in_Jenkin_by_admin_jsondata</b><br>Test class: com.FWL1.runner.Runner_One<br>Parameters: {"userName":"kamal","passWord":"123456","confpassWord":"123456","fullname":"kamal nath sarkar","email":"haloINdia@llfkj.com"}</td>
<td><div><pre>java.lang.NullPointerException
	at com.FWL1.lib.Helper.captureScreenshot(Helper.java:74)
	at com.FWL1.runner.Runner_One.takeScreen_Shot_On_Failure_or_Success(Runner_One.java:51)
... Removed 27 stack frames</pre></div><a href='#' onClick='toggleBox("stack-trace1602167682", this, "Click to show all stack frames", "Click to hide stack frames")'>Click to show all stack frames</a>
<div class='stack-trace' id='stack-trace1602167682'><pre>java.lang.NullPointerException
	at com.FWL1.lib.Helper.captureScreenshot(Helper.java:74)
	at com.FWL1.runner.Runner_One.takeScreen_Shot_On_Failure_or_Success(Runner_One.java:51)
	at sun.reflect.NativeMethodAccessorImpl.invoke0(Native Method)
	at sun.reflect.NativeMethodAccessorImpl.invoke(Unknown Source)
	at sun.reflect.DelegatingMethodAccessorImpl.invoke(Unknown Source)
	at java.lang.reflect.Method.invoke(Unknown Source)
	at org.testng.internal.MethodInvocationHelper.invokeMethod(MethodInvocationHelper.java:104)
	at org.testng.internal.Invoker.invokeConfigurationMethod(Invoker.java:515)
	at org.testng.internal.Invoker.invokeConfigurations(Invoker.java:217)
	at org.testng.internal.Invoker.invokeMethod(Invoker.java:712)
	at org.testng.internal.Invoker.invokeTestMethod(Invoker.java:851)
	at org.testng.internal.Invoker.invokeTestMethods(Invoker.java:1177)
	at org.testng.internal.TestMethodWorker.invokeTestMethods(TestMethodWorker.java:129)
	at org.testng.internal.TestMethodWorker.run(TestMethodWorker.java:112)
	at org.testng.TestRunner.privateRun(TestRunner.java:756)
	at org.testng.TestRunner.run(TestRunner.java:610)
	at org.testng.SuiteRunner.runTest(SuiteRunner.java:387)
	at org.testng.SuiteRunner.runSequentially(SuiteRunner.java:382)
	at org.testng.SuiteRunner.privateRun(SuiteRunner.java:340)
	at org.testng.SuiteRunner.run(SuiteRunner.java:289)
	at org.testng.SuiteRunnerWorker.runSuite(SuiteRunnerWorker.java:52)
	at org.testng.SuiteRunnerWorker.run(SuiteRunnerWorker.java:86)
	at org.testng.TestNG.runSuitesSequentially(TestNG.java:1293)
	at org.testng.TestNG.runSuitesLocally(TestNG.java:1218)
	at org.testng.TestNG.runSuites(TestNG.java:1133)
	at org.testng.TestNG.run(TestNG.java:1104)
	at org.testng.remote.AbstractRemoteTestNG.run(AbstractRemoteTestNG.java:132)
	at org.testng.remote.RemoteTestNG.initAndRun(RemoteTestNG.java:230)
	at org.testng.remote.RemoteTestNG.main(RemoteTestNG.java:76)
</pre></div></td>
<td>0</td>
<td>com.FWL1.runner.Runner_One@49438269</td></tr>
<tr>
<td title='com.FWL1.runner.Runner_One.LoginPage()'><b>LoginPage</b><br>Test class: com.FWL1.runner.Runner_One</td>
<td><div><pre>java.lang.NullPointerException
	at com.FWL1.lib.Helper.captureScreenshot(Helper.java:74)
	at com.FWL1.runner.Runner_One.takeScreen_Shot_On_Failure_or_Success(Runner_One.java:51)
... Removed 27 stack frames</pre></div><a href='#' onClick='toggleBox("stack-trace1807176280", this, "Click to show all stack frames", "Click to hide stack frames")'>Click to show all stack frames</a>
<div class='stack-trace' id='stack-trace1807176280'><pre>java.lang.NullPointerException
	at com.FWL1.lib.Helper.captureScreenshot(Helper.java:74)
	at com.FWL1.runner.Runner_One.takeScreen_Shot_On_Failure_or_Success(Runner_One.java:51)
	at sun.reflect.NativeMethodAccessorImpl.invoke0(Native Method)
	at sun.reflect.NativeMethodAccessorImpl.invoke(Unknown Source)
	at sun.reflect.DelegatingMethodAccessorImpl.invoke(Unknown Source)
	at java.lang.reflect.Method.invoke(Unknown Source)
	at org.testng.internal.MethodInvocationHelper.invokeMethod(MethodInvocationHelper.java:104)
	at org.testng.internal.Invoker.invokeConfigurationMethod(Invoker.java:515)
	at org.testng.internal.Invoker.invokeConfigurations(Invoker.java:217)
	at org.testng.internal.Invoker.invokeMethod(Invoker.java:712)
	at org.testng.internal.Invoker.invokeTestMethod(Invoker.java:851)
	at org.testng.internal.Invoker.invokeTestMethods(Invoker.java:1177)
	at org.testng.internal.TestMethodWorker.invokeTestMethods(TestMethodWorker.java:129)
	at org.testng.internal.TestMethodWorker.run(TestMethodWorker.java:112)
	at org.testng.TestRunner.privateRun(TestRunner.java:756)
	at org.testng.TestRunner.run(TestRunner.java:610)
	at org.testng.SuiteRunner.runTest(SuiteRunner.java:387)
	at org.testng.SuiteRunner.runSequentially(SuiteRunner.java:382)
	at org.testng.SuiteRunner.privateRun(SuiteRunner.java:340)
	at org.testng.SuiteRunner.run(SuiteRunner.java:289)
	at org.testng.SuiteRunnerWorker.runSuite(SuiteRunnerWorker.java:52)
	at org.testng.SuiteRunnerWorker.run(SuiteRunnerWorker.java:86)
	at org.testng.TestNG.runSuitesSequentially(TestNG.java:1293)
	at org.testng.TestNG.runSuitesLocally(TestNG.java:1218)
	at org.testng.TestNG.runSuites(TestNG.java:1133)
	at org.testng.TestNG.run(TestNG.java:1104)
	at org.testng.remote.AbstractRemoteTestNG.run(AbstractRemoteTestNG.java:132)
	at org.testng.remote.RemoteTestNG.initAndRun(RemoteTestNG.java:230)
	at org.testng.remote.RemoteTestNG.main(RemoteTestNG.java:76)
</pre></div></td>
<td>0</td>
<td>com.FWL1.runner.Runner_One@367ffa75</td></tr>
<tr>
<td title='com.FWL1.runner.Runner_One.LoginPage()'><b>LoginPage</b><br>Test class: com.FWL1.runner.Runner_One</td>
<td><div><pre>java.lang.NullPointerException
	at com.FWL1.lib.Helper.captureScreenshot(Helper.java:74)
	at com.FWL1.runner.Runner_One.takeScreen_Shot_On_Failure_or_Success(Runner_One.java:51)
... Removed 27 stack frames</pre></div><a href='#' onClick='toggleBox("stack-trace1977618945", this, "Click to show all stack frames", "Click to hide stack frames")'>Click to show all stack frames</a>
<div class='stack-trace' id='stack-trace1977618945'><pre>java.lang.NullPointerException
	at com.FWL1.lib.Helper.captureScreenshot(Helper.java:74)
	at com.FWL1.runner.Runner_One.takeScreen_Shot_On_Failure_or_Success(Runner_One.java:51)
	at sun.reflect.NativeMethodAccessorImpl.invoke0(Native Method)
	at sun.reflect.NativeMethodAccessorImpl.invoke(Unknown Source)
	at sun.reflect.DelegatingMethodAccessorImpl.invoke(Unknown Source)
	at java.lang.reflect.Method.invoke(Unknown Source)
	at org.testng.internal.MethodInvocationHelper.invokeMethod(MethodInvocationHelper.java:104)
	at org.testng.internal.Invoker.invokeConfigurationMethod(Invoker.java:515)
	at org.testng.internal.Invoker.invokeConfigurations(Invoker.java:217)
	at org.testng.internal.Invoker.invokeMethod(Invoker.java:712)
	at org.testng.internal.Invoker.invokeTestMethod(Invoker.java:851)
	at org.testng.internal.Invoker.invokeTestMethods(Invoker.java:1177)
	at org.testng.internal.TestMethodWorker.invokeTestMethods(TestMethodWorker.java:129)
	at org.testng.internal.TestMethodWorker.run(TestMethodWorker.java:112)
	at org.testng.TestRunner.privateRun(TestRunner.java:756)
	at org.testng.TestRunner.run(TestRunner.java:610)
	at org.testng.SuiteRunner.runTest(SuiteRunner.java:387)
	at org.testng.SuiteRunner.runSequentially(SuiteRunner.java:382)
	at org.testng.SuiteRunner.privateRun(SuiteRunner.java:340)
	at org.testng.SuiteRunner.run(SuiteRunner.java:289)
	at org.testng.SuiteRunnerWorker.runSuite(SuiteRunnerWorker.java:52)
	at org.testng.SuiteRunnerWorker.run(SuiteRunnerWorker.java:86)
	at org.testng.TestNG.runSuitesSequentially(TestNG.java:1293)
	at org.testng.TestNG.runSuitesLocally(TestNG.java:1218)
	at org.testng.TestNG.runSuites(TestNG.java:1133)
	at org.testng.TestNG.run(TestNG.java:1104)
	at org.testng.remote.AbstractRemoteTestNG.run(AbstractRemoteTestNG.java:132)
	at org.testng.remote.RemoteTestNG.initAndRun(RemoteTestNG.java:230)
	at org.testng.remote.RemoteTestNG.main(RemoteTestNG.java:76)
</pre></div></td>
<td>0</td>
<td>com.FWL1.runner.Runner_One@49438269</td></tr>
<tr>
<td title='com.FWL1.runner.Runner_One.LogoutJenkinPage()'><b>LogoutJenkinPage</b><br>Test class: com.FWL1.runner.Runner_One</td>
<td><div><pre>java.lang.NullPointerException
	at com.FWL1.lib.Helper.captureScreenshot(Helper.java:74)
	at com.FWL1.runner.Runner_One.takeScreen_Shot_On_Failure_or_Success(Runner_One.java:51)
... Removed 27 stack frames</pre></div><a href='#' onClick='toggleBox("stack-trace1746257394", this, "Click to show all stack frames", "Click to hide stack frames")'>Click to show all stack frames</a>
<div class='stack-trace' id='stack-trace1746257394'><pre>java.lang.NullPointerException
	at com.FWL1.lib.Helper.captureScreenshot(Helper.java:74)
	at com.FWL1.runner.Runner_One.takeScreen_Shot_On_Failure_or_Success(Runner_One.java:51)
	at sun.reflect.NativeMethodAccessorImpl.invoke0(Native Method)
	at sun.reflect.NativeMethodAccessorImpl.invoke(Unknown Source)
	at sun.reflect.DelegatingMethodAccessorImpl.invoke(Unknown Source)
	at java.lang.reflect.Method.invoke(Unknown Source)
	at org.testng.internal.MethodInvocationHelper.invokeMethod(MethodInvocationHelper.java:104)
	at org.testng.internal.Invoker.invokeConfigurationMethod(Invoker.java:515)
	at org.testng.internal.Invoker.invokeConfigurations(Invoker.java:217)
	at org.testng.internal.Invoker.invokeMethod(Invoker.java:712)
	at org.testng.internal.Invoker.invokeTestMethod(Invoker.java:851)
	at org.testng.internal.Invoker.invokeTestMethods(Invoker.java:1177)
	at org.testng.internal.TestMethodWorker.invokeTestMethods(TestMethodWorker.java:129)
	at org.testng.internal.TestMethodWorker.run(TestMethodWorker.java:112)
	at org.testng.TestRunner.privateRun(TestRunner.java:756)
	at org.testng.TestRunner.run(TestRunner.java:610)
	at org.testng.SuiteRunner.runTest(SuiteRunner.java:387)
	at org.testng.SuiteRunner.runSequentially(SuiteRunner.java:382)
	at org.testng.SuiteRunner.privateRun(SuiteRunner.java:340)
	at org.testng.SuiteRunner.run(SuiteRunner.java:289)
	at org.testng.SuiteRunnerWorker.runSuite(SuiteRunnerWorker.java:52)
	at org.testng.SuiteRunnerWorker.run(SuiteRunnerWorker.java:86)
	at org.testng.TestNG.runSuitesSequentially(TestNG.java:1293)
	at org.testng.TestNG.runSuitesLocally(TestNG.java:1218)
	at org.testng.TestNG.runSuites(TestNG.java:1133)
	at org.testng.TestNG.run(TestNG.java:1104)
	at org.testng.remote.AbstractRemoteTestNG.run(AbstractRemoteTestNG.java:132)
	at org.testng.remote.RemoteTestNG.initAndRun(RemoteTestNG.java:230)
	at org.testng.remote.RemoteTestNG.main(RemoteTestNG.java:76)
</pre></div></td>
<td>0</td>
<td>com.FWL1.runner.Runner_One@367ffa75</td></tr>
<tr>
<td title='com.FWL1.runner.Runner_One.LogoutJenkinPage()'><b>LogoutJenkinPage</b><br>Test class: com.FWL1.runner.Runner_One</td>
<td><div><pre>java.lang.NullPointerException
	at com.FWL1.lib.Helper.captureScreenshot(Helper.java:74)
	at com.FWL1.runner.Runner_One.takeScreen_Shot_On_Failure_or_Success(Runner_One.java:51)
... Removed 27 stack frames</pre></div><a href='#' onClick='toggleBox("stack-trace1611221523", this, "Click to show all stack frames", "Click to hide stack frames")'>Click to show all stack frames</a>
<div class='stack-trace' id='stack-trace1611221523'><pre>java.lang.NullPointerException
	at com.FWL1.lib.Helper.captureScreenshot(Helper.java:74)
	at com.FWL1.runner.Runner_One.takeScreen_Shot_On_Failure_or_Success(Runner_One.java:51)
	at sun.reflect.NativeMethodAccessorImpl.invoke0(Native Method)
	at sun.reflect.NativeMethodAccessorImpl.invoke(Unknown Source)
	at sun.reflect.DelegatingMethodAccessorImpl.invoke(Unknown Source)
	at java.lang.reflect.Method.invoke(Unknown Source)
	at org.testng.internal.MethodInvocationHelper.invokeMethod(MethodInvocationHelper.java:104)
	at org.testng.internal.Invoker.invokeConfigurationMethod(Invoker.java:515)
	at org.testng.internal.Invoker.invokeConfigurations(Invoker.java:217)
	at org.testng.internal.Invoker.invokeMethod(Invoker.java:712)
	at org.testng.internal.Invoker.invokeTestMethod(Invoker.java:851)
	at org.testng.internal.Invoker.invokeTestMethods(Invoker.java:1177)
	at org.testng.internal.TestMethodWorker.invokeTestMethods(TestMethodWorker.java:129)
	at org.testng.internal.TestMethodWorker.run(TestMethodWorker.java:112)
	at org.testng.TestRunner.privateRun(TestRunner.java:756)
	at org.testng.TestRunner.run(TestRunner.java:610)
	at org.testng.SuiteRunner.runTest(SuiteRunner.java:387)
	at org.testng.SuiteRunner.runSequentially(SuiteRunner.java:382)
	at org.testng.SuiteRunner.privateRun(SuiteRunner.java:340)
	at org.testng.SuiteRunner.run(SuiteRunner.java:289)
	at org.testng.SuiteRunnerWorker.runSuite(SuiteRunnerWorker.java:52)
	at org.testng.SuiteRunnerWorker.run(SuiteRunnerWorker.java:86)
	at org.testng.TestNG.runSuitesSequentially(TestNG.java:1293)
	at org.testng.TestNG.runSuitesLocally(TestNG.java:1218)
	at org.testng.TestNG.runSuites(TestNG.java:1133)
	at org.testng.TestNG.run(TestNG.java:1104)
	at org.testng.remote.AbstractRemoteTestNG.run(AbstractRemoteTestNG.java:132)
	at org.testng.remote.RemoteTestNG.initAndRun(RemoteTestNG.java:230)
	at org.testng.remote.RemoteTestNG.main(RemoteTestNG.java:76)
</pre></div></td>
<td>0</td>
<td>com.FWL1.runner.Runner_One@49438269</td></tr>
</table><p>
</body>
</html>