<?xml version="1.0" encoding="UTF-8"?>
<!-- Generated by org.testng.reporters.JUnitReportReporter -->
<testsuite name="com.Test_ng.group_school" tests="8" time="0.338" ignored="0" failures="0" timestamp="06 Sep 2020 12:06:20 GMT" skipped="6" hostname="KALYAN" errors="1">
  <testcase name="tc_reg_san2" time="0.002" classname="com.Test_ng.group_school">
    <skipped/>
  </testcase> <!-- tc_reg_san2 -->
  <testcase name="tc_003" time="0.007" classname="com.Test_ng.group_school">
    <skipped/>
  </testcase> <!-- tc_003 -->
  <testcase name="tc_reg_san1" time="0.004" classname="com.Test_ng.group_school">
    <skipped/>
  </testcase> <!-- tc_reg_san1 -->
  <testcase name="afterMethod" time="0.000" classname="com.Test_ng.group_school">
    <error type="org.testng.TestNGException" message="
Can inject only one of &lt;ITestContext, XmlTest, Method, Object[]&gt; into a AfterMethod annotated afterMethod.
For more information on native dependency injection please refer to http://testng.org/doc/documentation-main.html#native-dependency-injection">
      <![CDATA[org.testng.TestNGException: 
Can inject only one of <ITestContext, XmlTest, Method, Object[]> into a AfterMethod annotated afterMethod.
For more information on native dependency injection please refer to http://testng.org/doc/documentation-main.html#native-dependency-injection
	at org.testng.internal.Parameters.checkParameterTypes(Parameters.java:244)
	at org.testng.internal.Parameters.createParameters(Parameters.java:172)
	at org.testng.internal.Parameters.createParameters(Parameters.java:458)
	at org.testng.internal.Parameters.createConfigurationParameters(Parameters.java:118)
	at org.testng.internal.Invoker.invokeConfigurations(Invoker.java:203)
	at org.testng.internal.Invoker.invokeMethod(Invoker.java:712)
	at org.testng.internal.Invoker.invokeTestMethod(Invoker.java:851)
	at org.testng.internal.Invoker.invokeTestMethods(Invoker.java:1177)
	at org.testng.internal.TestMethodWorker.invokeTestMethods(TestMethodWorker.java:129)
	at org.testng.internal.TestMethodWorker.run(TestMethodWorker.java:112)
	at org.testng.TestRunner.privateRun(TestRunner.java:756)
	at org.testng.TestRunner.run(TestRunner.java:610)
	at org.testng.SuiteRunner.runTest(SuiteRunner.java:387)
	at org.testng.SuiteRunner.runSequentially(SuiteRunner.java:382)
	at org.testng.SuiteRunner.privateRun(SuiteRunner.java:340)
	at org.testng.SuiteRunner.run(SuiteRunner.java:289)
	at org.testng.SuiteRunnerWorker.runSuite(SuiteRunnerWorker.java:52)
	at org.testng.SuiteRunnerWorker.run(SuiteRunnerWorker.java:86)
	at org.testng.TestNG.runSuitesSequentially(TestNG.java:1293)
	at org.testng.TestNG.runSuitesLocally(TestNG.java:1218)
	at org.testng.TestNG.runSuites(TestNG.java:1133)
	at org.testng.TestNG.run(TestNG.java:1104)
	at org.testng.remote.AbstractRemoteTestNG.run(AbstractRemoteTestNG.java:132)
	at org.testng.remote.RemoteTestNG.initAndRun(RemoteTestNG.java:230)
	at org.testng.remote.RemoteTestNG.main(RemoteTestNG.java:76)
]]>
    </error>
  </testcase> <!-- afterMethod -->
  <testcase name="tc_005" time="0.015" classname="com.Test_ng.group_school">
    <skipped/>
  </testcase> <!-- tc_005 -->
  <testcase name="tc_001" time="0.297" classname="com.Test_ng.group_school"/>
  <testcase name="tc_002" time="0.007" classname="com.Test_ng.group_school">
    <skipped/>
  </testcase> <!-- tc_002 -->
  <testcase name="tc_004" time="0.006" classname="com.Test_ng.group_school">
    <skipped/>
  </testcase> <!-- tc_004 -->
</testsuite> <!-- com.Test_ng.group_school -->
