<?xml version="1.0" encoding="UTF-8"?>
<!-- Generated by org.testng.reporters.JUnitXMLReporter -->
<testsuite hostname="KALYAN" ignored="0" name="Default test" tests="26" failures="1" timestamp="14 Sep 2020 10:09:51 GMT" time="5.109" errors="0">
  <testcase name="@AfterMethod takeScreen_Shot_On_Failure_or_Success" time="0.0" classname="com.FWL1.runner.Runner_One">
    <failure type="java.lang.NullPointerException">
      <![CDATA[java.lang.NullPointerException
	at com.FWL1.runner.Runner_One.takeScreen_Shot_On_Failure_or_Success(Runner_One.java:61)
	at sun.reflect.NativeMethodAccessorImpl.invoke0(Native Method)
	at sun.reflect.NativeMethodAccessorImpl.invoke(Unknown Source)
	at sun.reflect.DelegatingMethodAccessorImpl.invoke(Unknown Source)
	at java.lang.reflect.Method.invoke(Unknown Source)
	at org.testng.internal.MethodInvocationHelper.invokeMethod(MethodInvocationHelper.java:104)
	at org.testng.internal.Invoker.invokeConfigurationMethod(Invoker.java:515)
	at org.testng.internal.Invoker.invokeConfigurations(Invoker.java:217)
	at org.testng.internal.Invoker.invokeMethod(Invoker.java:712)
	at org.testng.internal.Invoker.invokeTestMethod(Invoker.java:851)
	at org.testng.internal.Invoker.invokeTestMethods(Invoker.java:1177)
	at org.testng.internal.TestMethodWorker.invokeTestMethods(TestMethodWorker.java:129)
	at org.testng.internal.TestMethodWorker.run(TestMethodWorker.java:112)
	at org.testng.TestRunner.privateRun(TestRunner.java:756)
	at org.testng.TestRunner.run(TestRunner.java:610)
	at org.testng.SuiteRunner.runTest(SuiteRunner.java:387)
	at org.testng.SuiteRunner.runSequentially(SuiteRunner.java:382)
	at org.testng.SuiteRunner.privateRun(SuiteRunner.java:340)
	at org.testng.SuiteRunner.run(SuiteRunner.java:289)
	at org.testng.SuiteRunnerWorker.runSuite(SuiteRunnerWorker.java:52)
	at org.testng.SuiteRunnerWorker.run(SuiteRunnerWorker.java:86)
	at org.testng.TestNG.runSuitesSequentially(TestNG.java:1293)
	at org.testng.TestNG.runSuitesLocally(TestNG.java:1218)
	at org.testng.TestNG.runSuites(TestNG.java:1133)
	at org.testng.TestNG.run(TestNG.java:1104)
	at org.testng.remote.AbstractRemoteTestNG.run(AbstractRemoteTestNG.java:132)
	at org.testng.remote.RemoteTestNG.initAndRun(RemoteTestNG.java:230)
	at org.testng.remote.RemoteTestNG.main(RemoteTestNG.java:76)
]]>
    </failure>
  </testcase> <!-- @AfterMethod takeScreen_Shot_On_Failure_or_Success -->
  <testcase name="@AfterMethod takeScreen_Shot_On_Failure_or_Success" time="0.0" classname="com.FWL1.runner.Runner_One">
    <skipped/>
  </testcase> <!-- @AfterMethod takeScreen_Shot_On_Failure_or_Success -->
  <testcase name="@AfterMethod takeScreen_Shot_On_Failure_or_Success" time="0.0" classname="com.FWL1.runner.Runner_One">
    <skipped/>
  </testcase> <!-- @AfterMethod takeScreen_Shot_On_Failure_or_Success -->
  <testcase name="@AfterMethod takeScreen_Shot_On_Failure_or_Success" time="0.0" classname="com.FWL1.runner.Runner_One">
    <skipped/>
  </testcase> <!-- @AfterMethod takeScreen_Shot_On_Failure_or_Success -->
  <testcase name="@AfterMethod takeScreen_Shot_On_Failure_or_Success" time="0.0" classname="com.FWL1.runner.Runner_One">
    <skipped/>
  </testcase> <!-- @AfterMethod takeScreen_Shot_On_Failure_or_Success -->
  <testcase name="@AfterMethod takeScreen_Shot_On_Failure_or_Success" time="0.0" classname="com.FWL1.runner.Runner_One">
    <skipped/>
  </testcase> <!-- @AfterMethod takeScreen_Shot_On_Failure_or_Success -->
  <testcase name="@AfterMethod takeScreen_Shot_On_Failure_or_Success" time="0.0" classname="com.FWL1.runner.Runner_One">
    <skipped/>
  </testcase> <!-- @AfterMethod takeScreen_Shot_On_Failure_or_Success -->
  <testcase name="@AfterMethod takeScreen_Shot_On_Failure_or_Success" time="0.0" classname="com.FWL1.runner.Runner_One">
    <skipped/>
  </testcase> <!-- @AfterMethod takeScreen_Shot_On_Failure_or_Success -->
  <testcase name="@AfterMethod takeScreen_Shot_On_Failure_or_Success" time="0.0" classname="com.FWL1.runner.Runner_One">
    <skipped/>
  </testcase> <!-- @AfterMethod takeScreen_Shot_On_Failure_or_Success -->
  <testcase name="@AfterMethod takeScreen_Shot_On_Failure_or_Success" time="0.0" classname="com.FWL1.runner.Runner_One">
    <skipped/>
  </testcase> <!-- @AfterMethod takeScreen_Shot_On_Failure_or_Success -->
  <testcase name="@AfterMethod takeScreen_Shot_On_Failure_or_Success" time="0.0" classname="com.FWL1.runner.Runner_One">
    <skipped/>
  </testcase> <!-- @AfterMethod takeScreen_Shot_On_Failure_or_Success -->
  <testcase name="@AfterMethod takeScreen_Shot_On_Failure_or_Success" time="0.0" classname="com.FWL1.runner.Runner_One">
    <skipped/>
  </testcase> <!-- @AfterMethod takeScreen_Shot_On_Failure_or_Success -->
  <testcase name="@AfterMethod takeScreen_Shot_On_Failure_or_Success" time="0.0" classname="com.FWL1.runner.Runner_One">
    <skipped/>
  </testcase> <!-- @AfterMethod takeScreen_Shot_On_Failure_or_Success -->
  <testcase name="@AfterMethod takeScreen_Shot_On_Failure_or_Success" time="0.0" classname="com.FWL1.runner.Runner_One">
    <skipped/>
  </testcase> <!-- @AfterMethod takeScreen_Shot_On_Failure_or_Success -->
  <testcase name="@AfterMethod takeScreen_Shot_On_Failure_or_Success" time="0.0" classname="com.FWL1.runner.Runner_One">
    <skipped/>
  </testcase> <!-- @AfterMethod takeScreen_Shot_On_Failure_or_Success -->
  <testcase name="@AfterMethod takeScreen_Shot_On_Failure_or_Success" time="0.0" classname="com.FWL1.runner.Runner_One">
    <skipped/>
  </testcase> <!-- @AfterMethod takeScreen_Shot_On_Failure_or_Success -->
  <testcase name="@AfterMethod takeScreen_Shot_On_Failure_or_Success" time="0.0" classname="com.FWL1.runner.Runner_One">
    <skipped/>
  </testcase> <!-- @AfterMethod takeScreen_Shot_On_Failure_or_Success -->
  <testcase name="@AfterMethod takeScreen_Shot_On_Failure_or_Success" time="0.0" classname="com.FWL1.runner.Runner_One">
    <skipped/>
  </testcase> <!-- @AfterMethod takeScreen_Shot_On_Failure_or_Success -->
  <testcase name="@AfterMethod takeScreen_Shot_On_Failure_or_Success" time="0.0" classname="com.FWL1.runner.Runner_One">
    <skipped/>
  </testcase> <!-- @AfterMethod takeScreen_Shot_On_Failure_or_Success -->
  <testcase name="@AfterMethod takeScreen_Shot_On_Failure_or_Success" time="0.0" classname="com.FWL1.runner.Runner_One">
    <skipped/>
  </testcase> <!-- @AfterMethod takeScreen_Shot_On_Failure_or_Success -->
  <testcase name="@AfterMethod takeScreen_Shot_On_Failure_or_Success" time="0.0" classname="com.FWL1.runner.Runner_One">
    <skipped/>
  </testcase> <!-- @AfterMethod takeScreen_Shot_On_Failure_or_Success -->
  <testcase name="@AfterMethod takeScreen_Shot_On_Failure_or_Success" time="0.0" classname="com.FWL1.runner.Runner_One">
    <skipped/>
  </testcase> <!-- @AfterMethod takeScreen_Shot_On_Failure_or_Success -->
  <testcase name="@AfterMethod takeScreen_Shot_On_Failure_or_Success" time="0.0" classname="com.FWL1.runner.Runner_One">
    <skipped/>
  </testcase> <!-- @AfterMethod takeScreen_Shot_On_Failure_or_Success -->
  <testcase name="@AfterMethod takeScreen_Shot_On_Failure_or_Success" time="0.0" classname="com.FWL1.runner.Runner_One">
    <skipped/>
  </testcase> <!-- @AfterMethod takeScreen_Shot_On_Failure_or_Success -->
  <testcase name="@AfterMethod takeScreen_Shot_On_Failure_or_Success" time="0.0" classname="com.FWL1.runner.Runner_One">
    <skipped/>
  </testcase> <!-- @AfterMethod takeScreen_Shot_On_Failure_or_Success -->
  <testcase name="@AfterMethod takeScreen_Shot_On_Failure_or_Success" time="0.0" classname="com.FWL1.runner.Runner_One">
    <skipped/>
  </testcase> <!-- @AfterMethod takeScreen_Shot_On_Failure_or_Success -->
  <testcase name="@AfterTest CloseBrowser" time="0.0" classname="com.FWL1.runner.Runner_One">
    <skipped/>
  </testcase> <!-- @AfterTest CloseBrowser -->
  <testcase name="OpenBrowserForJenkin" time="0.012" classname="com.FWL1.runner.Runner_One">
    <failure type="java.lang.NullPointerException">
      <![CDATA[java.lang.NullPointerException
	at com.FWL1.runner.Runner_One.getValueFromKey(Runner_One.java:78)
	at com.FWL1.runner.Runner_One.OpenBrowserForJenkin(Runner_One.java:100)
	at sun.reflect.NativeMethodAccessorImpl.invoke0(Native Method)
	at sun.reflect.NativeMethodAccessorImpl.invoke(Unknown Source)
	at sun.reflect.DelegatingMethodAccessorImpl.invoke(Unknown Source)
	at java.lang.reflect.Method.invoke(Unknown Source)
	at org.testng.internal.MethodInvocationHelper.invokeMethod(MethodInvocationHelper.java:104)
	at org.testng.internal.Invoker.invokeMethod(Invoker.java:645)
	at org.testng.internal.Invoker.invokeTestMethod(Invoker.java:851)
	at org.testng.internal.Invoker.invokeTestMethods(Invoker.java:1177)
	at org.testng.internal.TestMethodWorker.invokeTestMethods(TestMethodWorker.java:129)
	at org.testng.internal.TestMethodWorker.run(TestMethodWorker.java:112)
	at org.testng.TestRunner.privateRun(TestRunner.java:756)
	at org.testng.TestRunner.run(TestRunner.java:610)
	at org.testng.SuiteRunner.runTest(SuiteRunner.java:387)
	at org.testng.SuiteRunner.runSequentially(SuiteRunner.java:382)
	at org.testng.SuiteRunner.privateRun(SuiteRunner.java:340)
	at org.testng.SuiteRunner.run(SuiteRunner.java:289)
	at org.testng.SuiteRunnerWorker.runSuite(SuiteRunnerWorker.java:52)
	at org.testng.SuiteRunnerWorker.run(SuiteRunnerWorker.java:86)
	at org.testng.TestNG.runSuitesSequentially(TestNG.java:1293)
	at org.testng.TestNG.runSuitesLocally(TestNG.java:1218)
	at org.testng.TestNG.runSuites(TestNG.java:1133)
	at org.testng.TestNG.run(TestNG.java:1104)
	at org.testng.remote.AbstractRemoteTestNG.run(AbstractRemoteTestNG.java:132)
	at org.testng.remote.RemoteTestNG.initAndRun(RemoteTestNG.java:230)
	at org.testng.remote.RemoteTestNG.main(RemoteTestNG.java:76)
]]>
    </failure>
  </testcase> <!-- OpenBrowserForJenkin -->
  <testcase name="OpenBrowserForJenkin_jsondata" time="0.006" classname="com.FWL1.runner.Runner_One">
    <skipped/>
  </testcase> <!-- OpenBrowserForJenkin_jsondata -->
  <testcase name="LoginPage" time="0.001" classname="com.FWL1.runner.Runner_One">
    <skipped/>
  </testcase> <!-- LoginPage -->
  <testcase name="LoginPage_jsondata" time="0.001" classname="com.FWL1.runner.Runner_One">
    <skipped/>
  </testcase> <!-- LoginPage_jsondata -->
  <testcase name="AA_Delete_existing_Jenkin_user" time="0.04" classname="com.FWL1.runner.Runner_One">
    <skipped/>
  </testcase> <!-- AA_Delete_existing_Jenkin_user -->
  <testcase name="AB_Add_user_in_Jenkin_by_admin_jsondata" time="0.01" classname="com.FWL1.runner.Runner_One">
    <skipped/>
  </testcase> <!-- AB_Add_user_in_Jenkin_by_admin_jsondata -->
  <testcase name="AB_Add_user_in_Jenkin_by_admin_jsondata2" time="0.002" classname="com.FWL1.runner.Runner_One">
    <skipped/>
  </testcase> <!-- AB_Add_user_in_Jenkin_by_admin_jsondata2 -->
  <testcase name="ClickOnNewItem" time="0.002" classname="com.FWL1.runner.Runner_One">
    <skipped/>
  </testcase> <!-- ClickOnNewItem -->
  <testcase name="Enter_The_name_of_the_new_Project_in_theinput_Box_from_xlsx" time="0.004" classname="com.FWL1.runner.Runner_One">
    <skipped/>
  </testcase> <!-- Enter_The_name_of_the_new_Project_in_theinput_Box_from_xlsx -->
  <testcase name="Select_maven_project_byclick" time="0.002" classname="com.FWL1.runner.Runner_One">
    <skipped/>
  </testcase> <!-- Select_maven_project_byclick -->
  <testcase name="Click_OK_after_Select_maven_project_byclick" time="0.001" classname="com.FWL1.runner.Runner_One">
    <skipped/>
  </testcase> <!-- Click_OK_after_Select_maven_project_byclick -->
  <testcase name="get_the_url_of_the_current_page" time="0.005" classname="com.FWL1.runner.Runner_One">
    <skipped/>
  </testcase> <!-- get_the_url_of_the_current_page -->
  <testcase name="Click_the_checkbox_This_project_is_parameterized" time="0.009" classname="com.FWL1.runner.Runner_One">
    <skipped/>
  </testcase> <!-- Click_the_checkbox_This_project_is_parameterized -->
  <testcase name="click_the_check_box_for_Discard_old_builds" time="0.002" classname="com.FWL1.runner.Runner_One">
    <skipped/>
  </testcase> <!-- click_the_check_box_for_Discard_old_builds -->
  <testcase name="Select_Choice_parameter_from_Add_Parameter_of_This_project_is_parameterized" time="0.002" classname="com.FWL1.runner.Runner_One">
    <skipped/>
  </testcase> <!-- Select_Choice_parameter_from_Add_Parameter_of_This_project_is_parameterized -->
  <testcase name="Type_Name_for_Choice_Parameter" time="0.001" classname="com.FWL1.runner.Runner_One">
    <skipped/>
  </testcase> <!-- Type_Name_for_Choice_Parameter -->
  <testcase name="Type_Choices_for_Choice_Parameter" time="0.002" classname="com.FWL1.runner.Runner_One">
    <skipped/>
  </testcase> <!-- Type_Choices_for_Choice_Parameter -->
  <testcase name="Type_Goals_and_Options_in_BUILD" time="0.002" classname="com.FWL1.runner.Runner_One">
    <skipped/>
  </testcase> <!-- Type_Goals_and_Options_in_BUILD -->
  <testcase name="Click_Advanced_Button_Of_BUILD" time="0.001" classname="com.FWL1.runner.Runner_One">
    <skipped/>
  </testcase> <!-- Click_Advanced_Button_Of_BUILD -->
  <testcase name="Click_Custom_workspace_Checkbox" time="0.001" classname="com.FWL1.runner.Runner_One">
    <skipped/>
  </testcase> <!-- Click_Custom_workspace_Checkbox -->
  <testcase name="Enter_text_to_Directory_Custom_workspace" time="0.0" classname="com.FWL1.runner.Runner_One">
    <skipped/>
  </testcase> <!-- Enter_text_to_Directory_Custom_workspace -->
  <testcase name="Click_the_floating_Apply_Button" time="0.007" classname="com.FWL1.runner.Runner_One">
    <skipped/>
  </testcase> <!-- Click_the_floating_Apply_Button -->
  <testcase name="Click_the_floating_SAVE_Button" time="0.002" classname="com.FWL1.runner.Runner_One">
    <skipped/>
  </testcase> <!-- Click_the_floating_SAVE_Button -->
  <testcase name="Verify_that_project_is_created_successfully" time="0.002" classname="com.FWL1.runner.Runner_One">
    <skipped/>
  </testcase> <!-- Verify_that_project_is_created_successfully -->
  <testcase name="Delete_Existing_Projects_with_DP" time="0.003" classname="com.FWL1.runner.Runner_One">
    <skipped/>
  </testcase> <!-- Delete_Existing_Projects_with_DP -->
  <testcase name="LogoutJenkinPage" time="0.003" classname="com.FWL1.runner.Runner_One">
    <skipped/>
  </testcase> <!-- LogoutJenkinPage -->
</testsuite> <!-- Default test -->
