<?xml version="1.0" encoding="UTF-8"?>
<!-- Generated by org.testng.reporters.JUnitXMLReporter -->
<testsuite hostname="KALYAN" ignored="25" name="Delete_User" tests="3" failures="1" timestamp="16 Sep 2020 18:26:48 GMT" time="0.651" errors="0">
  <testcase name="@AfterMethod takeScreen_Shot_On_Failure_or_Success2" time="0.0" classname="com.FWL1.runner.Runner_One">
    <failure type="java.lang.NullPointerException">
      <![CDATA[java.lang.NullPointerException
	at com.FWL1.lib.Helper.captureScreenshot(Helper.java:74)
	at com.FWL1.runner.Runner_One.takeScreen_Shot_On_Failure_or_Success2(Runner_One.java:403)
... Removed 27 stack frames]]>
    </failure>
  </testcase> <!-- @AfterMethod takeScreen_Shot_On_Failure_or_Success2 -->
  <testcase name="@AfterMethod takeScreen_Shot_On_Failure_or_Success2" time="0.0" classname="com.FWL1.runner.Runner_One">
    <skipped/>
  </testcase> <!-- @AfterMethod takeScreen_Shot_On_Failure_or_Success2 -->
  <testcase name="@AfterMethod takeScreen_Shot_On_Failure_or_Success2" time="0.0" classname="com.FWL1.runner.Runner_One">
    <skipped/>
  </testcase> <!-- @AfterMethod takeScreen_Shot_On_Failure_or_Success2 -->
  <testcase name="@AfterTest CloseBrowser2" time="0.0" classname="com.FWL1.runner.Runner_One">
    <skipped/>
  </testcase> <!-- @AfterTest CloseBrowser2 -->
  <testcase name="OpenBrowserForJenkin_jsondata" time="0.101" classname="com.FWL1.runner.Runner_One">
    <failure type="java.lang.IllegalStateException" message="The driver executable does not exist: D:\selenium\chromeDriver\chromeDriver_85\chromedriver.exe">
      <![CDATA[java.lang.IllegalStateException: The driver executable does not exist: D:\selenium\chromeDriver\chromeDriver_85\chromedriver.exe
	at com.google.common.base.Preconditions.checkState(Preconditions.java:585)
	at org.openqa.selenium.remote.service.DriverService.checkExecutable(DriverService.java:136)
	at org.openqa.selenium.remote.service.DriverService.findExecutable(DriverService.java:131)
	at org.openqa.selenium.chrome.ChromeDriverService.access$000(ChromeDriverService.java:33)
	at org.openqa.selenium.chrome.ChromeDriverService$Builder.findDefaultExecutable(ChromeDriverService.java:139)
	at org.openqa.selenium.remote.service.DriverService$Builder.build(DriverService.java:335)
	at org.openqa.selenium.chrome.ChromeDriverService.createDefaultService(ChromeDriverService.java:89)
	at org.openqa.selenium.chrome.ChromeDriver.<init>(ChromeDriver.java:123)
	at com.FWL1.lib.BrowserAndDataFactory.initiateBrowser(BrowserAndDataFactory.java:59)
	at com.FWL1.testcases.TestCases_for_Jenkins.openBrowser(TestCases_for_Jenkins.java:41)
	at com.FWL1.runner.Runner_One.OpenBrowserForJenkin_jsondata(Runner_One.java:266)
... Removed 25 stack frames]]>
    </failure>
  </testcase> <!-- OpenBrowserForJenkin_jsondata -->
  <testcase name="LoginPage_jsondata" time="0.006" classname="com.FWL1.runner.Runner_One">
    <skipped/>
  </testcase> <!-- LoginPage_jsondata -->
  <testcase name="AA_Delete_existing_Jenkin_user" time="0.058" classname="com.FWL1.runner.Runner_One">
    <skipped/>
  </testcase> <!-- AA_Delete_existing_Jenkin_user -->
  <testcase name="Click_Custom_workspace_Checkbox" time="0.0" classname="com.FWL1.runner.Runner_One">
    <ignored/>
  </testcase> <!-- Click_Custom_workspace_Checkbox -->
  <testcase name="click_the_check_box_for_Discard_old_builds" time="0.0" classname="com.FWL1.runner.Runner_One">
    <ignored/>
  </testcase> <!-- click_the_check_box_for_Discard_old_builds -->
  <testcase name="Select_maven_project_byclick" time="0.0" classname="com.FWL1.runner.Runner_One">
    <ignored/>
  </testcase> <!-- Select_maven_project_byclick -->
  <testcase name="Delete_Existing_Projects_with_DP" time="0.0" classname="com.FWL1.runner.Runner_One">
    <ignored/>
  </testcase> <!-- Delete_Existing_Projects_with_DP -->
  <testcase name="Click_the_floating_Apply_Button" time="0.0" classname="com.FWL1.runner.Runner_One">
    <ignored/>
  </testcase> <!-- Click_the_floating_Apply_Button -->
  <testcase name="Click_the_checkbox_This_project_is_parameterized" time="0.0" classname="com.FWL1.runner.Runner_One">
    <ignored/>
  </testcase> <!-- Click_the_checkbox_This_project_is_parameterized -->
  <testcase name="GoTheRunningBuildConsole" time="0.0" classname="com.FWL1.runner.Runner_One">
    <ignored/>
  </testcase> <!-- GoTheRunningBuildConsole -->
  <testcase name="ToVerifyThatBuildIsFinishedFromConsoleAndFindStatus" time="0.0" classname="com.FWL1.runner.Runner_One">
    <ignored/>
  </testcase> <!-- ToVerifyThatBuildIsFinishedFromConsoleAndFindStatus -->
  <testcase name="Verify_that_project_is_created_successfully" time="0.0" classname="com.FWL1.runner.Runner_One">
    <ignored/>
  </testcase> <!-- Verify_that_project_is_created_successfully -->
  <testcase name="Click_the_floating_SAVE_Button" time="0.0" classname="com.FWL1.runner.Runner_One">
    <ignored/>
  </testcase> <!-- Click_the_floating_SAVE_Button -->
  <testcase name="test234" time="0.0" classname="com.FWL1.runner.Runner_One">
    <ignored/>
  </testcase> <!-- test234 -->
  <testcase name="get_the_url_of_the_current_page" time="0.0" classname="com.FWL1.runner.Runner_One">
    <ignored/>
  </testcase> <!-- get_the_url_of_the_current_page -->
  <testcase name="test234" time="0.0" classname="com.FWL1.runner.Factory_Two_BB">
    <ignored/>
  </testcase> <!-- test234 -->
  <testcase name="Type_Goals_and_Options_in_BUILD" time="0.0" classname="com.FWL1.runner.Runner_One">
    <ignored/>
  </testcase> <!-- Type_Goals_and_Options_in_BUILD -->
  <testcase name="AB_Add_user_in_Jenkin_by_admin_jsondata" time="0.0" classname="com.FWL1.runner.Runner_One">
    <ignored/>
  </testcase> <!-- AB_Add_user_in_Jenkin_by_admin_jsondata -->
  <testcase name="ClickOnNewItem" time="0.0" classname="com.FWL1.runner.Runner_One">
    <ignored/>
  </testcase> <!-- ClickOnNewItem -->
  <testcase name="Type_Choices_for_Choice_Parameter" time="0.0" classname="com.FWL1.runner.Runner_One">
    <ignored/>
  </testcase> <!-- Type_Choices_for_Choice_Parameter -->
  <testcase name="Type_Name_for_Choice_Parameter" time="0.0" classname="com.FWL1.runner.Runner_One">
    <ignored/>
  </testcase> <!-- Type_Name_for_Choice_Parameter -->
  <testcase name="Click_OK_after_Select_maven_project_byclick" time="0.0" classname="com.FWL1.runner.Runner_One">
    <ignored/>
  </testcase> <!-- Click_OK_after_Select_maven_project_byclick -->
  <testcase name="Enter_The_name_of_the_new_Project_in_theinput_Box_from_xlsx" time="0.0" classname="com.FWL1.runner.Runner_One">
    <ignored/>
  </testcase> <!-- Enter_The_name_of_the_new_Project_in_theinput_Box_from_xlsx -->
  <testcase name="Enter_text_to_Directory_Custom_workspace" time="0.0" classname="com.FWL1.runner.Runner_One">
    <ignored/>
  </testcase> <!-- Enter_text_to_Directory_Custom_workspace -->
  <testcase name="AB_Add_user_in_Jenkin_by_admin_jsondata2" time="0.0" classname="com.FWL1.runner.Runner_One">
    <ignored/>
  </testcase> <!-- AB_Add_user_in_Jenkin_by_admin_jsondata2 -->
  <testcase name="SelframeBuildWith_jsondata" time="0.0" classname="com.FWL1.runner.Runner_One">
    <ignored/>
  </testcase> <!-- SelframeBuildWith_jsondata -->
  <testcase name="Click_Advanced_Button_Of_BUILD" time="0.0" classname="com.FWL1.runner.Runner_One">
    <ignored/>
  </testcase> <!-- Click_Advanced_Button_Of_BUILD -->
  <testcase name="Select_Choice_parameter_from_Add_Parameter_of_This_project_is_parameterized" time="0.0" classname="com.FWL1.runner.Runner_One">
    <ignored/>
  </testcase> <!-- Select_Choice_parameter_from_Add_Parameter_of_This_project_is_parameterized -->
</testsuite> <!-- Delete_User -->
